[DEBUG] 2025-07-28 19:23:25.528 [main] Product_Test - ----------Before Test SetUp Started-----------
[INFO ] 2025-07-28 19:23:25.597 [main] Product_Test - Login Page title verified....
[INFO ] 2025-07-28 19:23:25.609 [main] Product_Test - Login Page Url verified....
[INFO ] 2025-07-28 19:23:26.076 [main] Product_Test - Login Complete....
[INFO ] 2025-07-28 19:23:26.109 [main] Product_Test - Home Page title verified....
[INFO ] 2025-07-28 19:23:26.123 [main] Product_Test - Home Page Url verified....
[INFO ] 2025-07-28 19:23:26.303 [main] Product_Test - Home Page Product Names verified....
[INFO ] 2025-07-28 19:23:26.463 [main] Product_Test - Home Page Product Infos verified....
[INFO ] 2025-07-28 19:23:26.637 [main] Product_Test - Home Page Product Prices verified....
[INFO ] 2025-07-28 19:23:26.826 [main] Product_Test - Home Page Product Seleced....
[DEBUG] 2025-07-28 19:23:26.833 [main] Product_Test - ----------Before Test SetUp Ended-----------
[DEBUG] 2025-07-28 19:24:14.232 [main] Product_Test - ----------Before Test SetUp Started-----------
[INFO ] 2025-07-28 19:24:14.458 [main] Product_Test - Login Page title verified....
[INFO ] 2025-07-28 19:24:14.471 [main] Product_Test - Login Page Url verified....
[INFO ] 2025-07-28 19:24:14.907 [main] Product_Test - Login Complete....
[INFO ] 2025-07-28 19:24:14.935 [main] Product_Test - Home Page title verified....
[INFO ] 2025-07-28 19:24:14.944 [main] Product_Test - Home Page Url verified....
[INFO ] 2025-07-28 19:24:15.118 [main] Product_Test - Home Page Product Names verified....
[INFO ] 2025-07-28 19:24:15.265 [main] Product_Test - Home Page Product Infos verified....
[INFO ] 2025-07-28 19:24:15.429 [main] Product_Test - Home Page Product Prices verified....
[INFO ] 2025-07-28 19:24:15.612 [main] Product_Test - Home Page Product Seleced....
[DEBUG] 2025-07-28 19:24:15.617 [main] Product_Test - ----------After Test SetUp Ended-----------
[DEBUG] 2025-07-28 20:12:03.653 [main] Product_Test - ----------Before Test SetUp Started-----------
[INFO ] 2025-07-28 20:12:03.711 [main] Product_Test - Login Page title verified....
[INFO ] 2025-07-28 20:12:03.722 [main] Product_Test - Login Page Url verified....
[INFO ] 2025-07-28 20:12:04.172 [main] Product_Test - Login Complete....
[INFO ] 2025-07-28 20:12:04.200 [main] Product_Test - Home Page title verified....
[INFO ] 2025-07-28 20:12:04.213 [main] Product_Test - Home Page Url verified....
[INFO ] 2025-07-28 20:12:04.394 [main] Product_Test - Home Page Product Names verified....
[INFO ] 2025-07-28 20:12:04.545 [main] Product_Test - Home Page Product Infos verified....
[INFO ] 2025-07-28 20:12:04.695 [main] Product_Test - Home Page Product Prices verified....
[INFO ] 2025-07-28 20:12:04.873 [main] Product_Test - Home Page Product Seleced....
[DEBUG] 2025-07-28 20:12:05.198 [main] Product_Test - ----------After Test SetUp Ended-----------
[DEBUG] 2025-07-28 20:19:21.965 [main] Product_Test - ----------Before Test SetUp Started-----------
[INFO ] 2025-07-28 20:19:22.044 [main] Product_Test - Login Page title verified....
[INFO ] 2025-07-28 20:19:22.055 [main] Product_Test - Login Page Url verified....
[INFO ] 2025-07-28 20:19:22.487 [main] Product_Test - Login Complete....
[INFO ] 2025-07-28 20:19:22.518 [main] Product_Test - Home Page title verified....
[INFO ] 2025-07-28 20:19:22.531 [main] Product_Test - Home Page Url verified....
[INFO ] 2025-07-28 20:19:22.707 [main] Product_Test - Home Page Product Names verified....
[INFO ] 2025-07-28 20:19:22.862 [main] Product_Test - Home Page Product Infos verified....
[INFO ] 2025-07-28 20:19:23.006 [main] Product_Test - Home Page Product Prices verified....
[INFO ] 2025-07-28 20:19:23.182 [main] Product_Test - Home Page Product Seleced....
[DEBUG] 2025-07-28 20:19:33.336 [main] Product_Test - ----------After Test SetUp Ended-----------
[DEBUG] 2025-07-28 20:26:35.987 [main] Product_Test - ----------Before Test SetUp Started-----------
[INFO ] 2025-07-28 20:26:36.047 [main] Product_Test - Login Page title verified....
[INFO ] 2025-07-28 20:26:36.058 [main] Product_Test - Login Page Url verified....
[INFO ] 2025-07-28 20:26:36.485 [main] Product_Test - Login Complete....
[INFO ] 2025-07-28 20:26:36.513 [main] Product_Test - Home Page title verified....
[INFO ] 2025-07-28 20:26:36.523 [main] Product_Test - Home Page Url verified....
[INFO ] 2025-07-28 20:26:36.702 [main] Product_Test - Home Page Product Names verified....
[INFO ] 2025-07-28 20:26:36.865 [main] Product_Test - Home Page Product Infos verified....
[INFO ] 2025-07-28 20:26:37.017 [main] Product_Test - Home Page Product Prices verified....
[INFO ] 2025-07-28 20:26:37.207 [main] Product_Test - Home Page Product Seleced....
[DEBUG] 2025-07-28 20:26:47.373 [main] Product_Test - ----------After Test SetUp Ended-----------
[DEBUG] 2025-07-28 20:37:58.961 [main] Product_Test - ----------Before Test SetUp Started-----------
[INFO ] 2025-07-28 20:37:59.023 [main] Product_Test - Login Page title verified....
[INFO ] 2025-07-28 20:37:59.032 [main] Product_Test - Login Page Url verified....
[INFO ] 2025-07-28 20:37:59.453 [main] Product_Test - Login Complete....
[INFO ] 2025-07-28 20:37:59.483 [main] Product_Test - Home Page title verified....
[INFO ] 2025-07-28 20:37:59.491 [main] Product_Test - Home Page Url verified....
[INFO ] 2025-07-28 20:37:59.672 [main] Product_Test - Home Page Product Names verified....
[INFO ] 2025-07-28 20:37:59.832 [main] Product_Test - Home Page Product Infos verified....
[INFO ] 2025-07-28 20:38:00.013 [main] Product_Test - Home Page Product Prices verified....
[INFO ] 2025-07-28 20:38:00.209 [main] Product_Test - Home Page Product Seleced....
[DEBUG] 2025-07-28 20:38:00.247 [main] Product_Test - ----------After Test SetUp Ended-----------
[DEBUG] 2025-07-28 20:39:23.178 [main] Product_Test - ----------Before Test SetUp Started-----------
[INFO ] 2025-07-28 20:39:23.248 [main] Product_Test - Login Page title verified....
[INFO ] 2025-07-28 20:39:23.259 [main] Product_Test - Login Page Url verified....
[INFO ] 2025-07-28 20:39:23.694 [main] Product_Test - Login Complete....
[INFO ] 2025-07-28 20:39:23.721 [main] Product_Test - Home Page title verified....
[INFO ] 2025-07-28 20:39:23.731 [main] Product_Test - Home Page Url verified....
[INFO ] 2025-07-28 20:39:23.901 [main] Product_Test - Home Page Product Names verified....
[INFO ] 2025-07-28 20:39:24.065 [main] Product_Test - Home Page Product Infos verified....
[INFO ] 2025-07-28 20:39:24.223 [main] Product_Test - Home Page Product Prices verified....
[INFO ] 2025-07-28 20:39:24.366 [main] Product_Test - Home Page Product Seleced....
[DEBUG] 2025-07-28 20:39:24.397 [main] Product_Test - ----------After Test SetUp Ended-----------
[DEBUG] 2025-07-28 20:46:10.835 [main] Product_Test - ----------Before Test SetUp Started-----------
[INFO ] 2025-07-28 20:46:10.898 [main] Product_Test - Login Page title verified....
[INFO ] 2025-07-28 20:46:10.914 [main] Product_Test - Login Page Url verified....
[INFO ] 2025-07-28 20:46:11.351 [main] Product_Test - Login Complete....
[INFO ] 2025-07-28 20:46:11.379 [main] Product_Test - Home Page title verified....
[INFO ] 2025-07-28 20:46:11.390 [main] Product_Test - Home Page Url verified....
[INFO ] 2025-07-28 20:46:11.568 [main] Product_Test - Home Page Product Names verified....
[INFO ] 2025-07-28 20:46:11.727 [main] Product_Test - Home Page Product Infos verified....
[INFO ] 2025-07-28 20:46:11.885 [main] Product_Test - Home Page Product Prices verified....
[INFO ] 2025-07-28 20:46:12.059 [main] Product_Test - Home Page Product Selected....
[DEBUG] 2025-07-28 20:46:22.149 [main] Product_Test - ----------After Test SetUp Ended-----------
[DEBUG] 2025-07-28 20:47:26.291 [main] Product_Test - ----------Before Test SetUp Started-----------
[INFO ] 2025-07-28 20:47:26.569 [main] Product_Test - Login Page title verified....
[INFO ] 2025-07-28 20:47:26.584 [main] Product_Test - Login Page Url verified....
[INFO ] 2025-07-28 20:47:27.041 [main] Product_Test - Login Complete....
[INFO ] 2025-07-28 20:47:27.069 [main] Product_Test - Home Page title verified....
[INFO ] 2025-07-28 20:47:27.078 [main] Product_Test - Home Page Url verified....
[INFO ] 2025-07-28 20:47:27.258 [main] Product_Test - Home Page Product Names verified....
[INFO ] 2025-07-28 20:47:27.423 [main] Product_Test - Home Page Product Infos verified....
[INFO ] 2025-07-28 20:47:27.570 [main] Product_Test - Home Page Product Prices verified....
[INFO ] 2025-07-28 20:47:27.718 [main] Product_Test - Home Page Product Selected....
[DEBUG] 2025-07-28 20:47:37.767 [main] Product_Test - ----------After Test SetUp Ended-----------
[DEBUG] 2025-07-28 20:47:47.719 [main] Product_Test - ----------Before Test SetUp Started-----------
[INFO ] 2025-07-28 20:47:47.783 [main] Product_Test - Login Page title verified....
[INFO ] 2025-07-28 20:47:47.796 [main] Product_Test - Login Page Url verified....
[INFO ] 2025-07-28 20:47:48.259 [main] Product_Test - Login Complete....
[INFO ] 2025-07-28 20:47:48.288 [main] Product_Test - Home Page title verified....
[INFO ] 2025-07-28 20:47:48.297 [main] Product_Test - Home Page Url verified....
[INFO ] 2025-07-28 20:47:48.471 [main] Product_Test - Home Page Product Names verified....
[INFO ] 2025-07-28 20:47:48.643 [main] Product_Test - Home Page Product Infos verified....
[INFO ] 2025-07-28 20:47:48.797 [main] Product_Test - Home Page Product Prices verified....
[INFO ] 2025-07-28 20:47:48.939 [main] Product_Test - Home Page Product Selected....
[DEBUG] 2025-07-28 20:47:59.029 [main] Product_Test - ----------After Test SetUp Ended-----------
[DEBUG] 2025-07-28 20:48:10.059 [main] Product_Test - ----------Before Test SetUp Started-----------
[INFO ] 2025-07-28 20:48:10.135 [main] Product_Test - Login Page title verified....
[INFO ] 2025-07-28 20:48:10.149 [main] Product_Test - Login Page Url verified....
[INFO ] 2025-07-28 20:48:10.580 [main] Product_Test - Login Complete....
[INFO ] 2025-07-28 20:48:10.609 [main] Product_Test - Home Page title verified....
[INFO ] 2025-07-28 20:48:10.617 [main] Product_Test - Home Page Url verified....
[INFO ] 2025-07-28 20:48:10.783 [main] Product_Test - Home Page Product Names verified....
[INFO ] 2025-07-28 20:48:10.928 [main] Product_Test - Home Page Product Infos verified....
[INFO ] 2025-07-28 20:48:11.071 [main] Product_Test - Home Page Product Prices verified....
[INFO ] 2025-07-28 20:48:11.227 [main] Product_Test - Home Page Product Selected....
[DEBUG] 2025-07-28 20:48:21.324 [main] Product_Test - ----------After Test SetUp Ended-----------
[DEBUG] 2025-07-28 20:51:41.696 [main] Product_Test - ----------Before Test SetUp Started-----------
[INFO ] 2025-07-28 20:51:41.785 [main] Product_Test - Login Page title verified....
[INFO ] 2025-07-28 20:51:41.797 [main] Product_Test - Login Page Url verified....
[INFO ] 2025-07-28 20:51:42.252 [main] Product_Test - Login Complete....
[INFO ] 2025-07-28 20:51:42.285 [main] Product_Test - Home Page title verified....
[INFO ] 2025-07-28 20:51:42.294 [main] Product_Test - Home Page Url verified....
[INFO ] 2025-07-28 20:51:42.481 [main] Product_Test - Home Page Product Names verified....
[INFO ] 2025-07-28 20:51:42.649 [main] Product_Test - Home Page Product Infos verified....
[INFO ] 2025-07-28 20:51:42.811 [main] Product_Test - Home Page Product Prices verified....
[INFO ] 2025-07-28 20:51:42.999 [main] Product_Test - Home Page Product Selected....
[DEBUG] 2025-07-28 20:51:43.046 [main] Product_Test - ----------After Test SetUp Ended-----------
[DEBUG] 2025-07-28 20:52:28.194 [main] Product_Test - ----------Before Test SetUp Started-----------
[INFO ] 2025-07-28 20:52:28.426 [main] Product_Test - Login Page title verified....
[INFO ] 2025-07-28 20:52:28.436 [main] Product_Test - Login Page Url verified....
[INFO ] 2025-07-28 20:52:28.892 [main] Product_Test - Login Complete....
[INFO ] 2025-07-28 20:52:28.922 [main] Product_Test - Home Page title verified....
[INFO ] 2025-07-28 20:52:28.932 [main] Product_Test - Home Page Url verified....
[INFO ] 2025-07-28 20:52:29.110 [main] Product_Test - Home Page Product Names verified....
[INFO ] 2025-07-28 20:52:29.264 [main] Product_Test - Home Page Product Infos verified....
[INFO ] 2025-07-28 20:52:29.417 [main] Product_Test - Home Page Product Prices verified....
[INFO ] 2025-07-28 20:52:29.608 [main] Product_Test - Home Page Product Selected....
[DEBUG] 2025-07-28 20:52:39.792 [main] Product_Test - ----------After Test SetUp Ended-----------
[DEBUG] 2025-07-28 20:53:49.122 [main] Product_Test - ----------Before Test SetUp Started-----------
[INFO ] 2025-07-28 20:53:49.197 [main] Product_Test - Login Page title verified....
[INFO ] 2025-07-28 20:53:49.208 [main] Product_Test - Login Page Url verified....
[INFO ] 2025-07-28 20:53:49.666 [main] Product_Test - Login Complete....
[INFO ] 2025-07-28 20:53:49.692 [main] Product_Test - Home Page title verified....
[INFO ] 2025-07-28 20:53:49.701 [main] Product_Test - Home Page Url verified....
[INFO ] 2025-07-28 20:53:49.897 [main] Product_Test - Home Page Product Names verified....
[INFO ] 2025-07-28 20:53:50.161 [main] Product_Test - Home Page Product Infos verified....
[INFO ] 2025-07-28 20:53:50.369 [main] Product_Test - Home Page Product Prices verified....
[INFO ] 2025-07-28 20:53:50.571 [main] Product_Test - Home Page Product Selected....
[DEBUG] 2025-07-28 20:53:50.627 [main] Product_Test - ----------After Test SetUp Ended-----------
[DEBUG] 2025-07-28 20:54:28.556 [main] Product_Test - ----------Before Test SetUp Started-----------
[INFO ] 2025-07-28 20:54:28.633 [main] Product_Test - Login Page title verified....
[INFO ] 2025-07-28 20:54:28.642 [main] Product_Test - Login Page Url verified....
[INFO ] 2025-07-28 20:54:29.103 [main] Product_Test - Login Complete....
[INFO ] 2025-07-28 20:54:29.139 [main] Product_Test - Home Page title verified....
[INFO ] 2025-07-28 20:54:29.153 [main] Product_Test - Home Page Url verified....
[INFO ] 2025-07-28 20:54:29.347 [main] Product_Test - Home Page Product Names verified....
[INFO ] 2025-07-28 20:54:29.531 [main] Product_Test - Home Page Product Infos verified....
[INFO ] 2025-07-28 20:54:29.682 [main] Product_Test - Home Page Product Prices verified....
[INFO ] 2025-07-28 20:54:29.869 [main] Product_Test - Home Page Product Selected....
[DEBUG] 2025-07-28 20:54:35.448 [main] Product_Test - ----------After Test SetUp Ended-----------
[DEBUG] 2025-07-28 20:55:08.220 [main] Product_Test - ----------Before Test SetUp Started-----------
[INFO ] 2025-07-28 20:55:08.290 [main] Product_Test - Login Page title verified....
[INFO ] 2025-07-28 20:55:08.299 [main] Product_Test - Login Page Url verified....
[INFO ] 2025-07-28 20:55:08.785 [main] Product_Test - Login Complete....
[INFO ] 2025-07-28 20:55:08.813 [main] Product_Test - Home Page title verified....
[INFO ] 2025-07-28 20:55:08.823 [main] Product_Test - Home Page Url verified....
[INFO ] 2025-07-28 20:55:09.015 [main] Product_Test - Home Page Product Names verified....
[INFO ] 2025-07-28 20:55:09.171 [main] Product_Test - Home Page Product Infos verified....
[INFO ] 2025-07-28 20:55:09.321 [main] Product_Test - Home Page Product Prices verified....
[INFO ] 2025-07-28 20:55:09.504 [main] Product_Test - Home Page Product Selected....
[DEBUG] 2025-07-28 20:55:19.664 [main] Product_Test - ----------After Test SetUp Ended-----------
[DEBUG] 2025-07-28 20:56:38.202 [main] Product_Test - ----------Before Test SetUp Started-----------
[INFO ] 2025-07-28 20:56:38.266 [main] Product_Test - Login Page title verified....
[INFO ] 2025-07-28 20:56:38.279 [main] Product_Test - Login Page Url verified....
[INFO ] 2025-07-28 20:56:38.720 [main] Product_Test - Login Complete....
[INFO ] 2025-07-28 20:56:38.749 [main] Product_Test - Home Page title verified....
[INFO ] 2025-07-28 20:56:38.763 [main] Product_Test - Home Page Url verified....
[INFO ] 2025-07-28 20:56:38.939 [main] Product_Test - Home Page Product Names verified....
[INFO ] 2025-07-28 20:56:39.096 [main] Product_Test - Home Page Product Infos verified....
[INFO ] 2025-07-28 20:56:39.252 [main] Product_Test - Home Page Product Prices verified....
[INFO ] 2025-07-28 20:56:39.433 [main] Product_Test - Home Page Product Selected....
[DEBUG] 2025-07-28 20:56:49.585 [main] Product_Test - ----------After Test SetUp Ended-----------
[DEBUG] 2025-07-28 20:58:29.010 [main] Product_Test - ----------Before Test SetUp Started-----------
[INFO ] 2025-07-28 20:58:29.075 [main] Product_Test - Login Page title verified....
[INFO ] 2025-07-28 20:58:29.085 [main] Product_Test - Login Page Url verified....
[INFO ] 2025-07-28 20:58:29.533 [main] Product_Test - Login Complete....
[INFO ] 2025-07-28 20:58:29.564 [main] Product_Test - Home Page title verified....
[INFO ] 2025-07-28 20:58:29.572 [main] Product_Test - Home Page Url verified....
[INFO ] 2025-07-28 20:58:29.761 [main] Product_Test - Home Page Product Names verified....
[INFO ] 2025-07-28 20:58:29.914 [main] Product_Test - Home Page Product Infos verified....
[INFO ] 2025-07-28 20:58:30.065 [main] Product_Test - Home Page Product Prices verified....
[INFO ] 2025-07-28 20:58:30.250 [main] Product_Test - Home Page Product Selected....
[DEBUG] 2025-07-28 20:58:40.423 [main] Product_Test - ----------After Test SetUp Ended-----------
[DEBUG] 2025-07-28 21:05:07.641 [main] Product_Test - ----------Before Test SetUp Started-----------
[INFO ] 2025-07-28 21:05:07.890 [main] Product_Test - Login Page title verified....
[INFO ] 2025-07-28 21:05:07.907 [main] Product_Test - Login Page Url verified....
[INFO ] 2025-07-28 21:05:08.358 [main] Product_Test - Login Complete....
[INFO ] 2025-07-28 21:05:08.386 [main] Product_Test - Home Page title verified....
[INFO ] 2025-07-28 21:05:08.396 [main] Product_Test - Home Page Url verified....
[INFO ] 2025-07-28 21:05:08.573 [main] Product_Test - Home Page Product Names verified....
[INFO ] 2025-07-28 21:05:08.727 [main] Product_Test - Home Page Product Infos verified....
[INFO ] 2025-07-28 21:05:08.886 [main] Product_Test - Home Page Product Prices verified....
[INFO ] 2025-07-28 21:05:09.103 [main] Product_Test - Home Page Product Selected....
[DEBUG] 2025-07-28 21:05:19.266 [main] Product_Test - ----------After Test SetUp Ended-----------
[DEBUG] 2025-07-28 21:07:15.856 [main] Product_Test - ----------Before Test SetUp Started-----------
[INFO ] 2025-07-28 21:07:15.931 [main] Product_Test - Login Page title verified....
[INFO ] 2025-07-28 21:07:15.942 [main] Product_Test - Login Page Url verified....
[INFO ] 2025-07-28 21:07:16.394 [main] Product_Test - Login Complete....
[INFO ] 2025-07-28 21:07:16.423 [main] Product_Test - Home Page title verified....
[INFO ] 2025-07-28 21:07:16.432 [main] Product_Test - Home Page Url verified....
[INFO ] 2025-07-28 21:07:16.629 [main] Product_Test - Home Page Product Names verified....
[INFO ] 2025-07-28 21:07:16.790 [main] Product_Test - Home Page Product Infos verified....
[INFO ] 2025-07-28 21:07:16.943 [main] Product_Test - Home Page Product Prices verified....
[INFO ] 2025-07-28 21:07:17.124 [main] Product_Test - Home Page Product Selected....
[DEBUG] 2025-07-28 21:07:17.468 [main] Product_Test - ----------After Test SetUp Ended-----------
[DEBUG] 2025-07-28 21:07:58.746 [main] Product_Test - ----------Before Test SetUp Started-----------
[INFO ] 2025-07-28 21:07:58.984 [main] Product_Test - Login Page title verified....
[INFO ] 2025-07-28 21:07:58.993 [main] Product_Test - Login Page Url verified....
[INFO ] 2025-07-28 21:07:59.431 [main] Product_Test - Login Complete....
[INFO ] 2025-07-28 21:07:59.460 [main] Product_Test - Home Page title verified....
[INFO ] 2025-07-28 21:07:59.469 [main] Product_Test - Home Page Url verified....
[INFO ] 2025-07-28 21:07:59.656 [main] Product_Test - Home Page Product Names verified....
[INFO ] 2025-07-28 21:07:59.810 [main] Product_Test - Home Page Product Infos verified....
[INFO ] 2025-07-28 21:07:59.969 [main] Product_Test - Home Page Product Prices verified....
[INFO ] 2025-07-28 21:08:00.185 [main] Product_Test - Home Page Product Selected....
[DEBUG] 2025-07-28 21:08:03.538 [main] Product_Test - ----------After Test SetUp Ended-----------
[DEBUG] 2025-07-28 21:10:48.525 [main] Product_Test - ----------Before Test SetUp Started-----------
[INFO ] 2025-07-28 21:10:48.595 [main] Product_Test - Login Page title verified....
[INFO ] 2025-07-28 21:10:48.607 [main] Product_Test - Login Page Url verified....
[INFO ] 2025-07-28 21:10:49.074 [main] Product_Test - Login Complete....
[INFO ] 2025-07-28 21:10:49.103 [main] Product_Test - Home Page title verified....
[INFO ] 2025-07-28 21:10:49.111 [main] Product_Test - Home Page Url verified....
[INFO ] 2025-07-28 21:10:49.298 [main] Product_Test - Home Page Product Names verified....
[INFO ] 2025-07-28 21:10:49.463 [main] Product_Test - Home Page Product Infos verified....
[INFO ] 2025-07-28 21:10:49.621 [main] Product_Test - Home Page Product Prices verified....
[INFO ] 2025-07-28 21:10:49.806 [main] Product_Test - Home Page Product Selected....
[INFO ] 2025-07-28 21:10:49.822 [main] Product_Test - Cart Page title verified....
[INFO ] 2025-07-28 21:10:49.829 [main] Product_Test - Cart Page url verified....
[INFO ] 2025-07-28 21:10:49.854 [main] Product_Test - Cart Page Product Name verified....
[INFO ] 2025-07-28 21:10:49.884 [main] Product_Test - Cart Page Product Info verified....
[INFO ] 2025-07-28 21:10:49.910 [main] Product_Test - Cart Page Product Price verified....
[INFO ] 2025-07-28 21:10:50.017 [main] Product_Test - Cart Page Clicked On Add To Cart....
[INFO ] 2025-07-28 21:10:53.140 [main] Product_Test - Cart Page Clicked Cart....
[DEBUG] 2025-07-28 21:10:53.158 [main] Product_Test - ----------After Test SetUp Ended-----------
