[DEBUG] 2025-07-31 12:10:51.214 [main] Product_Test - ----------Before Method Started-----------
[INFO ] 2025-07-31 12:10:51.287 [main] Product_Test - Login Page title verified....
[INFO ] 2025-07-31 12:10:51.296 [main] Product_Test - Login Page Url verified....
[INFO ] 2025-07-31 12:10:51.802 [main] Product_Test - Login Complete....
[INFO ] 2025-07-31 12:10:52.124 [main] Product_Test - Home Page title verified....
[INFO ] 2025-07-31 12:10:52.132 [main] Product_Test - Home Page Url verified....
[INFO ] 2025-07-31 12:10:52.339 [main] Product_Test - Home Page Product Names verified....
[INFO ] 2025-07-31 12:10:52.482 [main] Product_Test - Home Page Product Infos verified....
[INFO ] 2025-07-31 12:10:52.625 [main] Product_Test - Home Page Product Prices verified....
[INFO ] 2025-07-31 12:10:52.804 [main] Product_Test - Home Page Product Selected....
[INFO ] 2025-07-31 12:10:53.018 [main] Product_Test - Cart Page title verified....
[INFO ] 2025-07-31 12:10:53.027 [main] Product_Test - Cart Page url verified....
[INFO ] 2025-07-31 12:10:53.057 [main] Product_Test - Cart Page Product Name verified....
[INFO ] 2025-07-31 12:10:53.086 [main] Product_Test - Cart Page Product Info verified....
[INFO ] 2025-07-31 12:10:53.117 [main] Product_Test - Cart Page Product Price verified....
[INFO ] 2025-07-31 12:10:53.253 [main] Product_Test - Cart Page Clicked On Add To Cart....
[INFO ] 2025-07-31 12:10:53.395 [main] Product_Test - Cart Page Clicked Cart....
[INFO ] 2025-07-31 12:10:54.400 [main] Product_Test - Checkout Page Title Verified.....
[INFO ] 2025-07-31 12:10:54.408 [main] Product_Test - Checkout Page Url Verified.....
[INFO ] 2025-07-31 12:10:54.454 [main] Product_Test - Checkout Product Name Verified.....
[INFO ] 2025-07-31 12:10:54.485 [main] Product_Test - Checkout Product Info Verified.....
[INFO ] 2025-07-31 12:10:54.508 [main] Product_Test - Checkout Product Price Verified.....
[INFO ] 2025-07-31 12:10:54.623 [main] Product_Test - Clicked On Checkout.....
[INFO ] 2025-07-31 12:10:54.919 [main] Product_Test - Address details Sent....
[INFO ] 2025-07-31 12:10:55.051 [main] Product_Test - Clicked On Continue Button.....
[INFO ] 2025-07-31 12:10:55.270 [main] Product_Test - Payment Page Title Verified.....
[INFO ] 2025-07-31 12:10:55.280 [main] Product_Test - Payment Page Url Verified.....
[INFO ] 2025-07-31 12:10:55.307 [main] Product_Test - Payment Product Name Verified.....
[INFO ] 2025-07-31 12:10:55.330 [main] Product_Test - Payment Product Info Verified.....
[INFO ] 2025-07-31 12:10:55.353 [main] Product_Test - Payment Product Price Verified.....
[INFO ] 2025-07-31 12:10:55.378 [main] Product_Test - Payment Page Payment Info Verified.....
[INFO ] 2025-07-31 12:10:55.404 [main] Product_Test - Payment Shipping Info Verified.....
[INFO ] 2025-07-31 12:10:55.431 [main] Product_Test - Payment Page Total Price Verified.....
[INFO ] 2025-07-31 12:10:55.551 [main] Product_Test - Payment Clicked on Finish.....
[INFO ] 2025-07-31 12:11:00.585 [main] Data_Driven_Test - Login Done For : standard_user
[INFO ] 2025-07-31 12:11:07.057 [main] Data_Driven_Test - Login Done For : locked_out_user
[INFO ] 2025-07-31 12:11:12.458 [main] Data_Driven_Test - Login Done For : problem_user
[INFO ] 2025-07-31 12:11:23.719 [main] Data_Driven_Test - Login Done For : performance_glitch_user
[INFO ] 2025-07-31 12:11:30.579 [main] Data_Driven_Test - Login Done For : error_user
[INFO ] 2025-07-31 12:11:36.990 [main] Data_Driven_Test - Login Done For : visual_user
[DEBUG] 2025-07-31 12:11:37.383 [main] Product_Test - ----------After Method Ended-----------
